{"/Users/edsonoliveira/Projetos/casetecnico/api/src/jobs/taskReminderJob.ts": {"path":"/Users/edsonoliveira/Projetos/casetecnico/api/src/jobs/taskReminderJob.ts","statementMap":{"0":{"start":{"line":7,"column":0},"end":{"line":7,"column":7}},"1":{"start":{"line":1,"column":0},"end":{"line":1,"column":29}},"2":{"start":{"line":2,"column":0},"end":{"line":2,"column":46}},"3":{"start":{"line":3,"column":0},"end":{"line":3,"column":65}},"4":{"start":{"line":5,"column":15},"end":{"line":5,"column":33}},"5":{"start":{"line":8,"column":2},"end":{"line":8,"column":65}},"6":{"start":{"line":10,"column":16},"end":{"line":10,"column":50}},"7":{"start":{"line":12,"column":2},"end":{"line":25,"column":3}},"8":{"start":{"line":13,"column":21},"end":{"line":15,"column":6}},"9":{"start":{"line":17,"column":4},"end":{"line":24,"column":5}},"10":{"start":{"line":18,"column":6},"end":{"line":20,"column":9}},"11":{"start":{"line":21,"column":6},"end":{"line":21,"column":62}},"12":{"start":{"line":23,"column":6},"end":{"line":23,"column":78}},"13":{"start":{"line":27,"column":2},"end":{"line":27,"column":45}},"14":{"start":{"line":30,"column":0},"end":{"line":34,"column":1}},"15":{"start":{"line":31,"column":2},"end":{"line":33,"column":5}},"16":{"start":{"line":32,"column":4},"end":{"line":32,"column":35}}},"fnMap":{"0":{"name":"checkDueTasksAndNotify","decl":{"start":{"line":7,"column":22},"end":{"line":7,"column":44}},"loc":{"start":{"line":7,"column":44},"end":{"line":28,"column":1}}},"1":{"name":"(anonymous_11)","decl":{"start":{"line":31,"column":31},"end":{"line":31,"column":36}},"loc":{"start":{"line":31,"column":42},"end":{"line":33,"column":3}}}},"branchMap":{"0":{"loc":{"start":{"line":17,"column":4},"end":{"line":24,"column":5}},"type":"if","locations":[{"start":{"line":17,"column":4},"end":{"line":24,"column":5}},{"start":{"line":22,"column":11},"end":{"line":24,"column":5}}]},"1":{"loc":{"start":{"line":30,"column":0},"end":{"line":34,"column":1}},"type":"if","locations":[{"start":{"line":30,"column":0},"end":{"line":34,"column":1}}]}},"s":{"0":1,"1":1,"2":1,"3":1,"4":1,"5":2,"6":2,"7":2,"8":2,"9":2,"10":1,"11":1,"12":1,"13":2,"14":1,"15":0,"16":0},"f":{"0":2,"1":0},"b":{"0":[1,1],"1":[0]}}
,"/Users/edsonoliveira/Projetos/casetecnico/api/src/repositories/taskRepository.ts": {"path":"/Users/edsonoliveira/Projetos/casetecnico/api/src/repositories/taskRepository.ts","statementMap":{"0":{"start":{"line":4,"column":0},"end":{"line":4,"column":7}},"1":{"start":{"line":10,"column":0},"end":{"line":10,"column":7}},"2":{"start":{"line":14,"column":0},"end":{"line":14,"column":7}},"3":{"start":{"line":18,"column":0},"end":{"line":18,"column":7}},"4":{"start":{"line":22,"column":0},"end":{"line":22,"column":7}},"5":{"start":{"line":27,"column":0},"end":{"line":27,"column":7}},"6":{"start":{"line":1,"column":0},"end":{"line":1,"column":46}},"7":{"start":{"line":2,"column":15},"end":{"line":2,"column":33}},"8":{"start":{"line":5,"column":2},"end":{"line":7,"column":5}},"9":{"start":{"line":11,"column":2},"end":{"line":11,"column":52}},"10":{"start":{"line":15,"column":2},"end":{"line":15,"column":39}},"11":{"start":{"line":19,"column":2},"end":{"line":19,"column":54}},"12":{"start":{"line":23,"column":2},"end":{"line":23,"column":48}},"13":{"start":{"line":28,"column":14},"end":{"line":28,"column":24}},"14":{"start":{"line":29,"column":19},"end":{"line":29,"column":59}},"15":{"start":{"line":31,"column":2},"end":{"line":36,"column":5}}},"fnMap":{"0":{"name":"getAll","decl":{"start":{"line":4,"column":22},"end":{"line":4,"column":28}},"loc":{"start":{"line":4,"column":28},"end":{"line":8,"column":1}}},"1":{"name":"getById","decl":{"start":{"line":10,"column":22},"end":{"line":10,"column":29}},"loc":{"start":{"line":10,"column":40},"end":{"line":12,"column":1}}},"2":{"name":"create","decl":{"start":{"line":14,"column":22},"end":{"line":14,"column":28}},"loc":{"start":{"line":14,"column":38},"end":{"line":16,"column":1}}},"3":{"name":"update","decl":{"start":{"line":18,"column":22},"end":{"line":18,"column":28}},"loc":{"start":{"line":18,"column":50},"end":{"line":20,"column":1}}},"4":{"name":"remove","decl":{"start":{"line":22,"column":22},"end":{"line":22,"column":28}},"loc":{"start":{"line":22,"column":39},"end":{"line":24,"column":1}}},"5":{"name":"findDueSoon","decl":{"start":{"line":27,"column":22},"end":{"line":27,"column":33}},"loc":{"start":{"line":27,"column":33},"end":{"line":37,"column":1}}}},"branchMap":{},"s":{"0":1,"1":1,"2":1,"3":1,"4":1,"5":1,"6":1,"7":1,"8":0,"9":0,"10":0,"11":0,"12":0,"13":2,"14":2,"15":2},"f":{"0":0,"1":0,"2":0,"3":0,"4":0,"5":2},"b":{}}
}
