TN:
SF:src/controllers/taskController.ts
FN:5,getAll
FN:14,getById
FN:24,create
FN:33,update
FN:42,remove
FNF:5
FNH:5
FNDA:1,getAll
FNDA:2,getById
FNDA:3,create
FNDA:2,update
FNDA:1,remove
DA:2,1
DA:3,1
DA:5,1
DA:6,1
DA:7,1
DA:8,1
DA:10,0
DA:14,1
DA:15,2
DA:16,2
DA:17,2
DA:18,1
DA:20,0
DA:24,1
DA:25,3
DA:26,3
DA:27,1
DA:29,2
DA:33,1
DA:34,2
DA:35,2
DA:36,1
DA:38,1
DA:42,1
DA:43,1
DA:44,1
DA:45,1
DA:47,0
LF:28
LH:25
BRDA:17,0,0,1
BRF:1
BRH:1
end_of_record
TN:
SF:src/repositories/taskRepository.ts
FN:4,getAll
FN:10,getById
FN:14,create
FN:18,update
FN:22,remove
FN:27,findDueSoon
FNF:6
FNH:5
FNDA:1,getAll
FNDA:5,getById
FNDA:1,create
FNDA:1,update
FNDA:1,remove
FNDA:0,findDueSoon
DA:1,1
DA:2,1
DA:4,1
DA:5,1
DA:10,1
DA:11,5
DA:14,1
DA:15,1
DA:18,1
DA:19,1
DA:22,1
DA:23,1
DA:27,1
DA:28,0
DA:29,0
DA:31,0
LF:16
LH:13
BRF:0
BRH:0
end_of_record
TN:
SF:src/routes/taskRoutes.ts
FNF:0
FNH:0
DA:1,1
DA:2,1
DA:4,1
DA:6,1
DA:7,1
DA:8,1
DA:9,1
DA:10,1
DA:12,1
LF:9
LH:9
BRF:0
BRH:0
end_of_record
TN:
SF:src/services/taskService.ts
FN:3,getAll
FN:7,getById
FN:11,create
FN:20,update
FN:27,remove
FNF:5
FNH:5
FNDA:1,getAll
FNDA:2,getById
FNDA:3,create
FNDA:2,update
FNDA:1,remove
DA:1,1
DA:3,1
DA:4,1
DA:7,1
DA:8,2
DA:11,1
DA:12,3
DA:13,2
DA:16,1
DA:17,1
DA:20,1
DA:21,2
DA:22,2
DA:24,1
DA:27,1
DA:28,1
DA:29,1
DA:31,1
DA:32,1
LF:19
LH:19
BRDA:12,0,0,2
BRDA:12,1,0,3
BRDA:12,1,1,1
BRDA:12,1,2,1
BRDA:22,2,0,1
BRDA:29,3,0,0
BRF:6
BRH:5
end_of_record
TN:
SF:src/utils/errorHandler.ts
FN:3,handleError
FNF:1
FNH:1
FNDA:3,handleError
DA:3,1
DA:4,3
DA:5,3
LF:3
LH:3
BRDA:6,0,0,3
BRDA:6,0,1,0
BRF:2
BRH:1
end_of_record
