TN:
SF:src/controllers/taskController.ts
FN:5,getAll
FN:14,getById
FN:24,create
FN:33,update
FN:42,remove
FNF:5
FNH:5
FNDA:2,getAll
FNDA:2,getById
FNDA:4,create
FNDA:2,update
FNDA:1,remove
DA:2,2
DA:3,2
DA:5,2
DA:6,2
DA:7,2
DA:8,2
DA:10,0
DA:14,2
DA:15,2
DA:16,2
DA:17,2
DA:18,1
DA:20,0
DA:24,2
DA:25,4
DA:26,4
DA:27,2
DA:29,2
DA:33,2
DA:34,2
DA:35,2
DA:36,1
DA:38,1
DA:42,2
DA:43,1
DA:44,1
DA:45,1
DA:47,0
LF:28
LH:25
BRDA:17,0,0,1
BRF:1
BRH:1
end_of_record
TN:
SF:src/jobs/taskReminderJob.ts
FN:7,checkDueTasksAndNotify
FN:31,(anonymous_11)
FNF:2
FNH:1
FNDA:2,checkDueTasksAndNotify
FNDA:0,(anonymous_11)
DA:1,2
DA:2,2
DA:3,2
DA:5,2
DA:7,2
DA:8,2
DA:10,2
DA:12,2
DA:13,2
DA:17,2
DA:18,1
DA:21,1
DA:23,1
DA:27,2
DA:30,2
DA:31,1
DA:32,0
LF:17
LH:16
BRDA:17,0,0,1
BRDA:17,0,1,1
BRDA:30,1,0,1
BRF:3
BRH:3
end_of_record
TN:
SF:src/repositories/taskRepository.ts
FN:4,getAll
FN:10,getById
FN:14,create
FN:18,update
FN:22,remove
FN:27,findDueSoon
FNF:6
FNH:6
FNDA:3,getAll
FNDA:8,getById
FNDA:4,create
FNDA:2,update
FNDA:3,remove
FNDA:3,findDueSoon
DA:1,5
DA:2,5
DA:4,5
DA:5,3
DA:10,5
DA:11,8
DA:14,5
DA:15,4
DA:18,5
DA:19,2
DA:22,5
DA:23,3
DA:27,5
DA:28,3
DA:29,3
DA:31,3
LF:16
LH:16
BRF:0
BRH:0
end_of_record
TN:
SF:src/routes/taskRoutes.ts
FNF:0
FNH:0
DA:1,2
DA:2,2
DA:4,2
DA:6,2
DA:7,2
DA:8,2
DA:9,2
DA:10,2
DA:12,2
LF:9
LH:9
BRF:0
BRH:0
end_of_record
TN:
SF:src/services/taskService.ts
FN:3,getAll
FN:7,getById
FN:11,create
FN:20,update
FN:27,remove
FNF:5
FNH:5
FNDA:2,getAll
FNDA:2,getById
FNDA:4,create
FNDA:2,update
FNDA:1,remove
DA:1,2
DA:3,2
DA:4,2
DA:7,2
DA:8,2
DA:11,2
DA:12,4
DA:13,2
DA:16,2
DA:17,2
DA:20,2
DA:21,2
DA:22,2
DA:24,1
DA:27,2
DA:28,1
DA:29,1
DA:31,1
DA:32,1
LF:19
LH:19
BRDA:12,0,0,2
BRDA:12,1,0,4
BRDA:12,1,1,2
BRDA:12,1,2,2
BRDA:22,2,0,1
BRDA:29,3,0,0
BRF:6
BRH:5
end_of_record
TN:
SF:src/utils/errorHandler.ts
FN:3,handleError
FNF:1
FNH:1
FNDA:3,handleError
DA:3,2
DA:4,3
DA:5,3
LF:3
LH:3
BRDA:6,0,0,3
BRDA:6,0,1,0
BRF:2
BRH:1
end_of_record
